2025-12-25 13:37:59,877 - INFO - Loading dataset to extract labels...
2025-12-25 13:37:59,926 - INFO - Loaded 50000 labels.
2025-12-25 13:37:59,926 - INFO - Loading distance matrix from results_imagenet_stats/val_dist_matrix_l2.pt...
2025-12-25 13:38:02,711 - INFO - Computing silhouette score...
2025-12-25 13:38:13,709 - INFO - Silhouette Score: -0.17654544459449026
2025-12-25 13:38:17,296 - INFO - Dunn Index: 0.0
2025-12-25 13:38:22,053 - INFO - Davies-Bouldin Index: 2.002626105788003
2025-12-25 13:38:26,101 - INFO - Calinski-Harabasz Index: 52046.11382896001
2025-12-25 13:41:39,572 - INFO - Loading dataset to extract labels...
2025-12-25 13:41:39,622 - INFO - Loaded 50000 labels.
2025-12-25 13:41:39,622 - INFO - Loading distance matrix from results_imagenet_stats/val_dist_matrix_l2.pt...
2025-12-25 13:41:42,404 - INFO - Computing silhouette score...
2025-12-25 13:41:53,355 - INFO - Silhouette Score: -0.17654544459449026
2025-12-25 13:41:56,944 - INFO - Dunn Index: 0.0
2025-12-25 13:42:01,672 - INFO - Davies-Bouldin Index: 2.002626105788003
2025-12-25 13:42:05,692 - INFO - Calinski-Harabasz Index: 52046.11382896001
2025-12-28 11:50:23,359 - INFO - Loading dataset to extract labels...
2025-12-28 11:50:23,410 - INFO - Loaded 50000 labels.
2025-12-28 11:50:23,410 - INFO - Loading distance matrix from results_imagenet_stats/val_dist_matrix_l2.pt...
2025-12-28 11:50:26,157 - INFO - Computing silhouette score...
2025-12-28 11:50:37,091 - INFO - Silhouette Score: -0.17654544459449026
2025-12-28 11:50:40,651 - INFO - Dunn Index: 0.0
2025-12-28 11:50:45,414 - INFO - Davies-Bouldin Index: 2.002626105788003
2025-12-28 11:50:49,450 - INFO - Calinski-Harabasz Index: 52046.11382896001
2025-12-28 13:14:50,978 - INFO - Loading ImageNet validation labels...
2025-12-28 13:14:51,029 - INFO - Loading distance matrix...
2025-12-28 13:14:53,777 - INFO - Computing fine class summaries...
2025-12-28 13:14:58,968 - INFO - Silhouette: -0.12679119130345018
2025-12-28 13:14:58,969 - INFO - Dunn: 0.0
2025-12-28 13:14:58,971 - INFO - Davies–Bouldin: 2.002626105788003
2025-12-28 13:14:59,032 - INFO - Calinski–Harabasz: 52046.11382672055
2025-12-28 13:14:59,032 - INFO - Loading superclass adjacency...
2025-12-28 13:14:59,041 - INFO - Built 84 superclasses.
2025-12-28 13:14:59,041 - INFO - Computing superclass summaries...
2025-12-28 13:15:02,681 - INFO - Super Silhouette: -0.058541350570243025
2025-12-28 13:15:02,681 - INFO - Super Dunn: 0.0
2025-12-28 13:15:02,681 - INFO - Super Davies–Bouldin: 1.9943440591548203
2025-12-28 13:15:02,681 - INFO - Super Calinski–Harabasz: 2462.745069949045
2025-12-28 16:17:36,956 - INFO - Loading ImageNet validation labels...
2025-12-28 16:17:37,007 - INFO - Loading distance matrix...
2025-12-28 16:17:46,277 - INFO - Loading ImageNet validation labels...
2025-12-28 16:17:46,326 - INFO - Loading distance matrix...
2025-12-28 16:17:49,072 - INFO - Computing fine class summaries...
2025-12-28 16:17:54,248 - INFO - Silhouette: -0.12679119130345018
2025-12-28 16:17:54,249 - INFO - Dunn: 0.0
2025-12-28 16:17:54,251 - INFO - Davies–Bouldin: 2.002626105788003
2025-12-28 16:17:54,312 - INFO - Calinski–Harabasz: 52046.11382672055
2025-12-29 08:31:31,204 - INFO - Loading ImageNet validation labels...
2025-12-29 08:31:31,254 - INFO - Loading distance matrix...
2025-12-29 08:31:34,013 - INFO - Computing fine class summaries...
2025-12-29 08:31:39,198 - INFO - Silhouette: -0.12679119130345018
2025-12-29 08:31:39,198 - INFO - Dunn: 0.0
2025-12-29 08:31:39,201 - INFO - Davies–Bouldin: 2.002626105788003
2025-12-29 08:31:39,262 - INFO - Calinski–Harabasz: 52046.11382672055
2025-12-29 08:35:35,270 - INFO - Loading ImageNet validation labels...
2025-12-29 08:35:35,320 - INFO - Loading distance matrix...
2025-12-29 08:35:37,987 - INFO - Computing fine class summaries...
2025-12-29 08:35:43,151 - INFO - Silhouette norm 1: -0.11165832918258853
2025-12-29 08:35:43,151 - INFO - Dunn norm 1: 0.0
2025-12-29 08:35:43,154 - INFO - Davies–Bouldin norm 1: 2.002906086710603
2025-12-29 08:35:43,215 - INFO - Calinski–Harabasz norm 1: 52601.28435342397
2025-12-29 08:35:46,134 - INFO - Computing fine class summaries...
2025-12-29 08:35:51,302 - INFO - Silhouette norm 2: -0.12679119130345018
2025-12-29 08:35:51,302 - INFO - Dunn norm 2: 0.0
2025-12-29 08:35:51,304 - INFO - Davies–Bouldin norm 2: 2.002626105788003
2025-12-29 08:35:51,366 - INFO - Calinski–Harabasz norm 2: 52046.11382672055
2025-12-29 08:35:54,209 - INFO - Computing fine class summaries...
2025-12-29 08:35:59,385 - INFO - Silhouette norm inf: -0.056788550121201854
2025-12-29 08:35:59,386 - INFO - Dunn norm inf: 0.0
2025-12-29 08:35:59,387 - INFO - Davies–Bouldin norm inf: 2.0113637538586184
2025-12-29 08:35:59,448 - INFO - Calinski–Harabasz norm inf: 50210.896617167964
2025-12-29 08:44:38,443 - INFO - Loading ImageNet validation labels...
2025-12-29 08:44:38,493 - INFO - Loading distance matrix...
2025-12-29 08:44:41,168 - INFO - Computing fine class summaries...
2025-12-29 08:44:46,362 - INFO - Silhouette norm 1: -0.11165832918258853
2025-12-29 08:44:46,362 - INFO - Dunn norm 1: 0.0
2025-12-29 08:44:46,364 - INFO - Davies–Bouldin norm 1: 2.002906086710603
2025-12-29 08:44:46,425 - INFO - Calinski–Harabasz norm 1: 52601.28435342397
2025-12-29 08:44:49,334 - INFO - Computing fine class summaries...
2025-12-29 08:44:54,507 - INFO - Silhouette norm 2: -0.12679119130345018
2025-12-29 08:44:54,508 - INFO - Dunn norm 2: 0.0
2025-12-29 08:44:54,509 - INFO - Davies–Bouldin norm 2: 2.002626105788003
2025-12-29 08:44:54,570 - INFO - Calinski–Harabasz norm 2: 52046.11382672055
2025-12-29 08:44:57,421 - INFO - Computing fine class summaries...
2025-12-29 08:45:02,561 - INFO - Silhouette norm inf: -0.056788550121201854
2025-12-29 08:45:02,562 - INFO - Dunn norm inf: 0.0
2025-12-29 08:45:02,563 - INFO - Davies–Bouldin norm inf: 2.0113637538586184
2025-12-29 08:45:02,624 - INFO - Calinski–Harabasz norm inf: 50210.896617167964
2025-12-29 08:46:02,463 - INFO - Loading ImageNet validation labels...
2025-12-29 08:46:02,514 - INFO - Loading distance matrix...
2025-12-29 08:46:05,188 - INFO - Computing fine class summaries...
2025-12-29 08:46:10,387 - INFO - Silhouette norm 1: -0.11165832918258853
2025-12-29 08:46:10,387 - INFO - Dunn norm 1: 0.0
2025-12-29 08:46:10,389 - INFO - Davies–Bouldin norm 1: 2.002906086710603
2025-12-29 08:46:10,450 - INFO - Calinski–Harabasz norm 1: 52601.28435342397
2025-12-29 08:46:13,365 - INFO - Computing fine class summaries...
2025-12-29 08:46:18,598 - INFO - Silhouette norm 2: -0.12679119130345018
2025-12-29 08:46:18,599 - INFO - Dunn norm 2: 0.0
2025-12-29 08:46:18,601 - INFO - Davies–Bouldin norm 2: 2.002626105788003
2025-12-29 08:46:18,662 - INFO - Calinski–Harabasz norm 2: 52046.11382672055
2025-12-29 08:46:21,508 - INFO - Computing fine class summaries...
2025-12-29 08:46:26,667 - INFO - Silhouette norm inf: -0.056788550121201854
2025-12-29 08:46:26,668 - INFO - Dunn norm inf: 0.0
2025-12-29 08:46:26,669 - INFO - Davies–Bouldin norm inf: 2.0113637538586184
2025-12-29 08:46:26,730 - INFO - Calinski–Harabasz norm inf: 50210.896617167964
2025-12-29 08:48:07,268 - INFO - Loading ImageNet validation labels...
2025-12-29 08:48:07,318 - INFO - Loading distance matrix...
2025-12-29 08:48:09,983 - INFO - Computing fine class summaries...
2025-12-29 08:48:15,211 - INFO - Silhouette norm 1: -0.11165832918258853
2025-12-29 08:48:15,212 - INFO - Dunn norm 1: 0.0
2025-12-29 08:48:15,214 - INFO - Davies–Bouldin norm 1: 2.002906086710603
2025-12-29 08:48:15,275 - INFO - Calinski–Harabasz norm 1: 52601.28435342397
2025-12-29 08:48:18,193 - INFO - Computing fine class summaries...
2025-12-29 08:48:23,430 - INFO - Silhouette norm 2: -0.12679119130345018
2025-12-29 08:48:23,430 - INFO - Dunn norm 2: 0.0
2025-12-29 08:48:23,432 - INFO - Davies–Bouldin norm 2: 2.002626105788003
2025-12-29 08:48:23,493 - INFO - Calinski–Harabasz norm 2: 52046.11382672055
2025-12-29 08:48:26,354 - INFO - Computing fine class summaries...
2025-12-29 08:48:31,628 - INFO - Silhouette norm inf: -0.056788550121201854
2025-12-29 08:48:31,632 - INFO - Dunn norm inf: 0.0
2025-12-29 08:48:31,633 - INFO - Davies–Bouldin norm inf: 2.0113637538586184
2025-12-29 08:48:31,695 - INFO - Calinski–Harabasz norm inf: 50210.896617167964
2025-12-29 09:19:05,915 - INFO - Loading ImageNet validation labels...
2025-12-29 09:19:05,965 - INFO - Loading distance matrix...
2025-12-29 09:19:08,707 - INFO - Computing fine class summaries...
2025-12-29 09:20:18,460 - INFO - Loading ImageNet validation labels...
2025-12-29 09:20:18,510 - INFO - Loading distance matrix...
2025-12-29 09:20:21,262 - INFO - Computing fine class summaries...
2025-12-29 09:20:32,438 - INFO - Loading ImageNet validation labels...
2025-12-29 09:20:32,489 - INFO - Loading distance matrix...
2025-12-29 09:20:35,236 - INFO - Computing fine class summaries...
2025-12-29 09:20:40,535 - INFO - Silhouette norm 1: -0.11165832918258853
2025-12-29 09:20:40,536 - INFO - Dunn norm 1: 0.0
2025-12-29 09:20:40,538 - INFO - Davies–Bouldin norm 1: 2.002906086710603
2025-12-29 09:20:40,600 - INFO - Calinski–Harabasz norm 1: 52601.28435342397
2025-12-29 09:20:43,595 - INFO - Computing fine class summaries...
2025-12-29 09:20:48,845 - INFO - Silhouette norm 2: -0.12679119130345018
2025-12-29 09:20:48,846 - INFO - Dunn norm 2: 0.0
2025-12-29 09:20:48,848 - INFO - Davies–Bouldin norm 2: 2.002626105788003
2025-12-29 09:20:48,909 - INFO - Calinski–Harabasz norm 2: 52046.11382672055
2025-12-29 09:20:51,841 - INFO - Computing fine class summaries...
2025-12-29 09:20:57,099 - INFO - Silhouette norm inf: -0.056788550121201854
2025-12-29 09:20:57,099 - INFO - Dunn norm inf: 0.0
2025-12-29 09:20:57,101 - INFO - Davies–Bouldin norm inf: 2.0113637538586184
2025-12-29 09:20:57,163 - INFO - Calinski–Harabasz norm inf: 50210.896617167964
2025-12-29 09:21:47,935 - INFO - Loading ImageNet validation labels...
2025-12-29 09:21:47,986 - INFO - Loading distance matrix...
2025-12-29 09:21:50,728 - INFO - Computing fine class summaries...
2025-12-29 09:21:57,375 - INFO - Silhouette norm 1: -0.11165832918258853
2025-12-29 09:21:57,375 - INFO - Dunn norm 1: 0.0
2025-12-29 09:21:57,377 - INFO - Davies–Bouldin norm 1: 2.002906086710603
2025-12-29 09:21:57,439 - INFO - Calinski–Harabasz norm 1: 52601.28435342397
2025-12-29 09:22:00,448 - INFO - Computing fine class summaries...
2025-12-29 09:22:07,127 - INFO - Silhouette norm 2: -0.12679119130345018
2025-12-29 09:22:07,127 - INFO - Dunn norm 2: 0.0
2025-12-29 09:22:07,129 - INFO - Davies–Bouldin norm 2: 2.002626105788003
2025-12-29 09:22:07,191 - INFO - Calinski–Harabasz norm 2: 52046.11382672055
2025-12-29 09:22:10,130 - INFO - Computing fine class summaries...
2025-12-29 09:22:16,749 - INFO - Silhouette norm inf: -0.056788550121201854
2025-12-29 09:22:16,750 - INFO - Dunn norm inf: 0.0
2025-12-29 09:22:16,752 - INFO - Davies–Bouldin norm inf: 2.0113637538586184
2025-12-29 09:22:16,814 - INFO - Calinski–Harabasz norm inf: 50210.896617167964
2025-12-29 09:22:29,175 - INFO - Loading ImageNet validation labels...
2025-12-29 09:22:29,226 - INFO - Loading distance matrix...
2025-12-29 09:22:31,976 - INFO - Computing fine class summaries...
2025-12-29 09:22:38,487 - INFO - Silhouette norm 1: -0.11165832918258853
2025-12-29 09:22:38,488 - INFO - Dunn norm 1: 0.0
2025-12-29 09:22:38,490 - INFO - Davies–Bouldin norm 1: 2.002906086710603
2025-12-29 09:22:38,552 - INFO - Calinski–Harabasz norm 1: 52601.28435342397
2025-12-29 09:22:41,571 - INFO - Computing fine class summaries...
2025-12-29 09:22:48,188 - INFO - Silhouette norm 2: -0.12679119130345018
2025-12-29 09:22:48,188 - INFO - Dunn norm 2: 0.0
2025-12-29 09:22:48,190 - INFO - Davies–Bouldin norm 2: 2.002626105788003
2025-12-29 09:22:48,252 - INFO - Calinski–Harabasz norm 2: 52046.11382672055
2025-12-29 09:22:51,191 - INFO - Computing fine class summaries...
2025-12-29 09:22:57,811 - INFO - Silhouette norm inf: -0.056788550121201854
2025-12-29 09:22:57,811 - INFO - Dunn norm inf: 0.0
2025-12-29 09:22:57,813 - INFO - Davies–Bouldin norm inf: 2.0113637538586184
2025-12-29 09:22:57,875 - INFO - Calinski–Harabasz norm inf: 50210.896617167964
2025-12-29 09:23:21,869 - INFO - Loading ImageNet validation labels...
2025-12-29 09:23:21,919 - INFO - Loading distance matrix...
2025-12-29 09:23:24,669 - INFO - Computing fine class summaries...
2025-12-29 09:23:55,692 - INFO - Loading ImageNet validation labels...
2025-12-29 09:23:55,742 - INFO - Loading distance matrix...
2025-12-29 09:23:58,491 - INFO - Computing fine class summaries...
2025-12-29 09:25:35,531 - INFO - Loading ImageNet validation labels...
2025-12-29 09:25:35,582 - INFO - Loading distance matrix...
2025-12-29 09:25:42,967 - INFO - Computing fine class summaries...
2025-12-29 09:32:00,373 - INFO - Loading ImageNet validation labels...
2025-12-29 09:32:00,424 - INFO - Loading distance matrix...
2025-12-29 09:32:07,772 - INFO - Computing fine class summaries...
